{
  "RSpec": {
    "coverage": {
      "/home/andrew/RubymineProjects/Team5_SELT2020/spec/controllers/deck_controller_spec.rb": {
        "lines": [
          1,
          1,
          null,
          1,
          1,
          1,
          4,
          4,
          4,
          4,
          4,
          4,
          4,
          4,
          4,
          null,
          1,
          1,
          1,
          1,
          null,
          1,
          1,
          1,
          1,
          null,
          1,
          1,
          1,
          1,
          1,
          1,
          1,
          1,
          1,
          52,
          null,
          null,
          null,
          1,
          1,
          1,
          1,
          1,
          1,
          1,
          1,
          1,
          1,
          1,
          null,
          null,
          null,
          1,
          1,
          5,
          5,
          5,
          null,
          1,
          1,
          null,
          null,
          1,
          1,
          1,
          1,
          1,
          1,
          1,
          null,
          null,
          1,
          1,
          1,
          1,
          1,
          1,
          1,
          null,
          null,
          1,
          1,
          1,
          1,
          1,
          1,
          null,
          1,
          1,
          null,
          null,
          1,
          1,
          1,
          1,
          1,
          1,
          1,
          null,
          1,
          1,
          null,
          null,
          null
        ]
      },
      "/home/andrew/RubymineProjects/Team5_SELT2020/spec/rails_helper.rb": {
        "lines": [
          null,
          1,
          1,
          1,
          null,
          1,
          1,
          null,
          null,
          null,
          null,
          null,
          null,
          null,
          null,
          null,
          null,
          null,
          null,
          null,
          null,
          null,
          null,
          null,
          null,
          null,
          null,
          1,
          null,
          0,
          0,
          null,
          1,
          null,
          1,
          null,
          null,
          null,
          null,
          1,
          null,
          null,
          null,
          null,
          null,
          null,
          null,
          null,
          null,
          null,
          null,
          null,
          null,
          null,
          null,
          null,
          null,
          1,
          null,
          null,
          1,
          null,
          null,
          null
        ]
      },
      "/home/andrew/RubymineProjects/Team5_SELT2020/config/environment.rb": {
        "lines": [
          null,
          1,
          null,
          null,
          1
        ]
      },
      "/home/andrew/RubymineProjects/Team5_SELT2020/config/application.rb": {
        "lines": [
          1,
          null,
          1,
          null,
          null,
          null,
          1,
          null,
          1,
          1,
          null,
          1,
          null,
          null,
          null,
          null,
          null,
          null,
          null
        ]
      },
      "/home/andrew/RubymineProjects/Team5_SELT2020/config/boot.rb": {
        "lines": [
          1,
          null,
          1,
          1
        ]
      },
      "/home/andrew/RubymineProjects/Team5_SELT2020/config/environments/test.rb": {
        "lines": [
          1,
          null,
          null,
          null,
          null,
          null,
          null,
          1,
          null,
          null,
          null,
          null,
          1,
          null,
          null,
          1,
          1,
          null,
          null,
          null,
          null,
          1,
          1,
          null,
          null,
          1,
          null,
          null,
          1,
          null,
          null,
          1,
          null,
          1,
          null,
          null,
          null,
          null,
          1,
          null,
          null,
          1,
          null,
          null,
          null,
          null
        ]
      },
      "/home/andrew/RubymineProjects/Team5_SELT2020/config/initializers/application_controller_renderer.rb": {
        "lines": [
          null,
          null,
          null,
          null,
          null,
          null,
          null,
          null
        ]
      },
      "/home/andrew/RubymineProjects/Team5_SELT2020/config/initializers/assets.rb": {
        "lines": [
          null,
          null,
          null,
          1,
          null,
          null,
          null,
          null,
          1,
          null,
          null,
          null,
          null,
          null
        ]
      },
      "/home/andrew/RubymineProjects/Team5_SELT2020/config/initializers/backtrace_silencers.rb": {
        "lines": [
          null,
          null,
          null,
          null,
          null,
          null,
          null
        ]
      },
      "/home/andrew/RubymineProjects/Team5_SELT2020/config/initializers/content_security_policy.rb": {
        "lines": [
          null,
          null,
          null,
          null,
          null,
          null,
          null,
          null,
          null,
          null,
          null,
          null,
          null,
          null,
          null,
          null,
          null,
          null,
          null,
          null,
          null,
          null,
          null,
          null,
          null
        ]
      },
      "/home/andrew/RubymineProjects/Team5_SELT2020/config/initializers/cookies_serializer.rb": {
        "lines": [
          null,
          null,
          null,
          null,
          1
        ]
      },
      "/home/andrew/RubymineProjects/Team5_SELT2020/config/initializers/filter_parameter_logging.rb": {
        "lines": [
          null,
          null,
          null,
          1
        ]
      },
      "/home/andrew/RubymineProjects/Team5_SELT2020/config/initializers/inflections.rb": {
        "lines": [
          null,
          null,
          null,
          null,
          null,
          null,
          null,
          null,
          null,
          null,
          null,
          null,
          null,
          null,
          null,
          null
        ]
      },
      "/home/andrew/RubymineProjects/Team5_SELT2020/config/initializers/mime_types.rb": {
        "lines": [
          null,
          null,
          null,
          null
        ]
      },
      "/home/andrew/RubymineProjects/Team5_SELT2020/config/initializers/wrap_parameters.rb": {
        "lines": [
          null,
          null,
          null,
          null,
          null,
          null,
          1,
          2,
          null,
          null,
          null,
          null,
          null,
          null
        ]
      },
      "/home/andrew/RubymineProjects/Team5_SELT2020/config/routes.rb": {
        "lines": [
          1,
          null,
          1,
          1,
          1,
          1,
          1,
          null,
          1,
          1,
          null,
          1,
          1,
          null,
          null,
          1,
          1,
          null,
          null
        ]
      },
      "/home/andrew/RubymineProjects/Team5_SELT2020/app/helpers/application_helper.rb": {
        "lines": [
          1,
          null
        ]
      },
      "/home/andrew/RubymineProjects/Team5_SELT2020/app/helpers/deck_helper.rb": {
        "lines": [
          1,
          null
        ]
      },
      "/home/andrew/RubymineProjects/Team5_SELT2020/app/helpers/pile_helper.rb": {
        "lines": [
          1,
          null
        ]
      },
      "/home/andrew/RubymineProjects/Team5_SELT2020/app/controllers/deck_controller.rb": {
        "lines": [
          null,
          null,
          null,
          1,
          1,
          3,
          3,
          3,
          3,
          3,
          3,
          3,
          null,
          null,
          null,
          3,
          3,
          3,
          null,
          null,
          null,
          1,
          null,
          null,
          1,
          8,
          8,
          8,
          8,
          8,
          null,
          null,
          1,
          null,
          null,
          1,
          null,
          null,
          1,
          null,
          null,
          1,
          3,
          156,
          null,
          3,
          null,
          null
        ]
      },
      "/home/andrew/RubymineProjects/Team5_SELT2020/app/controllers/application_controller.rb": {
        "lines": [
          1,
          1,
          null
        ]
      },
      "/home/andrew/RubymineProjects/Team5_SELT2020/spec/controllers/pile_controller_spec.rb": {
        "lines": [
          1,
          1,
          null,
          1,
          1,
          1,
          2,
          2,
          2,
          2,
          2,
          2,
          2,
          null,
          1,
          1,
          1,
          null,
          1,
          1,
          1,
          null,
          null,
          null
        ]
      },
      "/home/andrew/RubymineProjects/Team5_SELT2020/app/controllers/pile_controller.rb": {
        "lines": [
          1,
          1,
          2,
          2,
          2,
          null,
          null,
          1,
          null,
          null
        ]
      },
      "/home/andrew/RubymineProjects/Team5_SELT2020/spec/controllers/room_controller_spec.rb": {
        "lines": [
          1,
          1,
          null,
          1,
          1,
          1,
          4,
          4,
          4,
          4,
          null,
          1,
          1,
          1,
          1,
          1,
          1,
          null,
          1,
          1,
          1,
          null,
          1,
          1,
          1,
          null,
          1,
          1,
          1,
          null,
          null,
          1,
          1,
          6,
          6,
          6,
          6,
          6,
          null,
          1,
          null,
          1,
          1,
          null,
          1,
          1,
          1,
          1,
          1,
          1,
          52,
          null,
          1,
          null,
          1,
          1,
          1,
          1,
          52,
          null,
          null,
          null,
          1,
          1,
          1,
          1,
          1,
          1,
          1,
          1,
          1,
          52,
          null,
          1,
          1,
          1,
          3,
          3,
          null,
          1,
          null,
          1,
          1,
          1,
          1,
          1,
          null,
          1,
          1,
          1,
          1,
          1,
          1,
          1,
          52,
          null,
          1,
          null,
          1,
          1,
          1,
          1,
          1,
          1,
          1,
          null,
          1,
          1,
          1,
          1,
          1,
          1,
          null,
          null,
          1,
          1,
          6,
          6,
          6,
          6,
          6,
          null,
          1,
          1,
          1,
          null,
          1,
          1,
          1,
          1,
          1,
          null,
          1,
          1,
          1,
          1,
          1,
          null,
          1,
          1,
          1,
          1,
          1,
          null,
          1,
          1,
          1,
          null,
          1,
          1,
          1,
          null,
          null,
          1,
          1,
          4,
          4,
          4,
          4,
          4,
          4,
          null,
          1,
          1,
          1,
          null,
          1,
          1,
          1,
          null,
          1,
          1,
          1,
          1,
          1,
          1,
          null,
          1,
          1,
          1,
          1,
          1,
          1,
          1,
          1,
          1,
          null,
          null,
          1,
          1,
          1,
          1,
          1,
          1,
          1,
          1,
          1,
          1,
          1,
          1,
          null,
          1,
          1,
          1,
          null,
          null,
          1,
          1,
          2,
          2,
          2,
          2,
          2,
          null,
          1,
          1,
          1,
          null,
          1,
          1,
          1,
          null,
          null,
          1,
          1,
          3,
          3,
          3,
          3,
          3,
          null,
          1,
          1,
          1,
          1,
          1,
          1,
          1,
          null,
          1,
          1,
          1,
          1,
          1,
          1,
          1,
          null,
          1,
          1,
          1,
          1,
          1,
          1,
          1,
          null,
          null,
          null
        ]
      },
      "/home/andrew/RubymineProjects/Team5_SELT2020/app/controllers/room_controller.rb": {
        "lines": [
          1,
          1,
          null,
          1,
          1,
          1,
          null,
          1,
          0,
          0,
          0,
          null,
          null,
          null,
          1,
          3,
          3,
          2,
          null,
          1,
          1,
          1,
          1,
          1,
          null,
          null,
          null,
          1,
          1,
          1,
          1,
          1,
          1,
          1,
          1,
          1,
          null,
          1,
          null,
          null,
          1,
          1,
          1,
          null,
          null,
          9,
          1,
          9,
          null,
          0,
          null,
          null,
          null,
          null,
          null,
          1,
          6,
          null,
          null,
          1,
          1,
          9,
          9,
          0,
          null,
          null,
          9,
          9,
          1,
          1,
          52,
          null,
          null,
          null,
          1,
          null,
          null,
          1,
          10,
          10,
          2,
          8,
          2,
          6,
          1,
          5,
          3,
          1,
          1,
          1,
          1,
          null,
          2,
          null,
          null,
          2,
          null,
          10,
          null,
          null,
          1,
          4,
          4,
          4,
          2,
          null,
          4,
          4,
          2,
          null,
          null,
          4,
          4,
          4,
          4,
          4,
          null,
          null,
          1,
          3,
          3,
          2,
          1,
          null,
          3,
          null,
          null,
          1,
          1,
          1,
          1,
          1,
          1,
          1,
          1,
          null,
          1,
          1,
          5,
          5,
          5,
          null,
          1,
          null,
          null,
          1,
          2,
          2,
          2,
          null,
          null,
          null
        ]
      },
      "/home/andrew/RubymineProjects/Team5_SELT2020/spec/helpers/deck_helper_spec.rb": {
        "lines": [
          1,
          null,
          null,
          null,
          null,
          null,
          null,
          null,
          null,
          null,
          null,
          null,
          1,
          1,
          null
        ]
      },
      "/home/andrew/RubymineProjects/Team5_SELT2020/spec/helpers/pile_helper_spec.rb": {
        "lines": [
          1,
          null,
          null,
          null,
          null,
          null,
          null,
          null,
          null,
          null,
          null,
          null,
          1,
          1,
          null
        ]
      },
      "/home/andrew/RubymineProjects/Team5_SELT2020/spec/models/card_spec.rb": {
        "lines": [
          1,
          null,
          1,
          1,
          3,
          3,
          3,
          3,
          null,
          1,
          1,
          1,
          1,
          null,
          1,
          1,
          1,
          1,
          null,
          null,
          1,
          1,
          1,
          1,
          1,
          null,
          1,
          1,
          1,
          1,
          null,
          null,
          1,
          1,
          1,
          1,
          null,
          1,
          1,
          1,
          1,
          null,
          null,
          null
        ]
      },
      "/home/andrew/RubymineProjects/Team5_SELT2020/app/models/card.rb": {
        "lines": [
          1,
          1,
          1,
          1,
          null,
          1,
          13,
          2,
          4,
          7,
          null,
          null,
          null
        ]
      },
      "/home/andrew/RubymineProjects/Team5_SELT2020/app/models/application_record.rb": {
        "lines": [
          1,
          1,
          null
        ]
      },
      "/home/andrew/RubymineProjects/Team5_SELT2020/spec/models/deck_spec.rb": {
        "lines": [
          1,
          null,
          1,
          1,
          1,
          1,
          1,
          1,
          null,
          null,
          1,
          1,
          1,
          null,
          null,
          1,
          1,
          1,
          1,
          null,
          null,
          null,
          1,
          1,
          1,
          1,
          1,
          1,
          1,
          null,
          null,
          null
        ]
      },
      "/home/andrew/RubymineProjects/Team5_SELT2020/app/models/deck.rb": {
        "lines": [
          1,
          null,
          1,
          1,
          null,
          1,
          1,
          1,
          24,
          24,
          24,
          1248,
          1248,
          1248,
          1248,
          1248,
          1248,
          1248,
          1248,
          1248,
          1248,
          1248,
          null,
          24,
          null,
          1,
          0,
          null,
          null,
          1,
          0,
          null,
          1,
          0,
          null,
          null
        ]
      },
      "/home/andrew/RubymineProjects/Team5_SELT2020/spec/models/hand_spec.rb": {
        "lines": [
          1,
          1,
          1,
          null,
          1,
          1,
          1,
          7,
          7,
          7,
          7,
          7,
          null,
          1,
          1,
          1,
          1,
          1,
          1,
          1,
          1,
          null,
          1,
          1,
          1,
          1,
          1,
          1,
          null,
          1,
          1,
          1,
          1,
          1,
          1,
          1,
          1,
          null,
          1,
          1,
          1,
          1,
          1,
          1,
          null,
          1,
          1,
          1,
          1,
          1,
          1,
          null,
          1,
          1,
          1,
          1,
          1,
          1,
          null,
          1,
          1,
          1,
          1,
          1,
          1,
          null,
          null,
          null
        ]
      },
      "/home/andrew/RubymineProjects/Team5_SELT2020/spec/models/pile_spec.rb": {
        "lines": [
          1,
          null,
          1,
          1,
          null
        ]
      },
      "/home/andrew/RubymineProjects/Team5_SELT2020/app/models/pile.rb": {
        "lines": [
          1,
          null,
          1,
          1,
          1,
          1,
          null,
          null,
          null
        ]
      },
      "/home/andrew/RubymineProjects/Team5_SELT2020/spec/models/player_spec.rb": {
        "lines": [
          1,
          null,
          1,
          1,
          null
        ]
      },
      "/home/andrew/RubymineProjects/Team5_SELT2020/app/models/player.rb": {
        "lines": [
          1,
          1,
          1,
          1,
          null
        ]
      },
      "/home/andrew/RubymineProjects/Team5_SELT2020/spec/models/room_spec.rb": {
        "lines": [
          1,
          1,
          1,
          1,
          null,
          6,
          1,
          null,
          null,
          1,
          1,
          1,
          1,
          1,
          null,
          null,
          1,
          1,
          1,
          1,
          1,
          1,
          null,
          null,
          1,
          1,
          1,
          1,
          1,
          null,
          null,
          1,
          1,
          1,
          1,
          null,
          null
        ]
      },
      "/home/andrew/RubymineProjects/Team5_SELT2020/app/models/room.rb": {
        "lines": [
          1,
          1,
          1,
          1,
          1,
          1,
          null,
          1,
          47,
          47,
          0,
          null,
          47,
          null,
          null,
          1,
          19,
          19,
          19,
          null,
          null,
          1,
          20,
          20,
          null,
          null,
          1,
          16,
          16,
          848,
          16,
          16,
          16,
          null,
          null,
          1,
          5,
          5,
          6,
          6,
          1,
          null,
          6,
          3,
          105,
          null,
          null,
          6,
          null,
          5,
          null,
          null,
          null
        ]
      },
      "/home/andrew/RubymineProjects/Team5_SELT2020/spec/requests/deck_request_spec.rb": {
        "lines": [
          1,
          null,
          1,
          null,
          1,
          1,
          1,
          null,
          null,
          null,
          1,
          1,
          1,
          null,
          null,
          null,
          1,
          1,
          1,
          null,
          null,
          null,
          1,
          1,
          1,
          null,
          null,
          null,
          1,
          1,
          1,
          null,
          null,
          null,
          null
        ]
      },
      "/home/andrew/RubymineProjects/Team5_SELT2020/spec/requests/pile_request_spec.rb": {
        "lines": [
          1,
          null,
          1,
          null,
          1,
          1,
          1,
          null,
          null,
          null,
          null
        ]
      },
      "/home/andrew/RubymineProjects/Team5_SELT2020/spec/views/Deck/create.html.erb_spec.rb": {
        "lines": [
          1,
          null,
          1,
          1,
          null
        ]
      },
      "/home/andrew/RubymineProjects/Team5_SELT2020/spec/views/Deck/delete.html.erb_spec.rb": {
        "lines": [
          1,
          null,
          1,
          1,
          null
        ]
      },
      "/home/andrew/RubymineProjects/Team5_SELT2020/spec/views/Deck/draw.html.erb_spec.rb": {
        "lines": [
          1,
          null,
          1,
          1,
          null
        ]
      },
      "/home/andrew/RubymineProjects/Team5_SELT2020/spec/views/Deck/index.html.erb_spec.rb": {
        "lines": [
          1,
          null,
          1,
          1,
          null
        ]
      },
      "/home/andrew/RubymineProjects/Team5_SELT2020/spec/views/Deck/new.html.erb_spec.rb": {
        "lines": [
          1,
          null,
          1,
          1,
          null
        ]
      },
      "/home/andrew/RubymineProjects/Team5_SELT2020/spec/views/Deck/show.html.erb_spec.rb": {
        "lines": [
          1,
          null,
          1,
          1,
          null
        ]
      },
      "/home/andrew/RubymineProjects/Team5_SELT2020/spec/views/pile/create.html.erb_spec.rb": {
        "lines": [
          1,
          null,
          1,
          1,
          null
        ]
      },
      "/home/andrew/RubymineProjects/Team5_SELT2020/spec/views/pile/delete.html.erb_spec.rb": {
        "lines": [
          1,
          null,
          1,
          1,
          null
        ]
      },
      "/home/andrew/RubymineProjects/Team5_SELT2020/app/models/game_hand.rb": {
        "lines": [
          1,
          null,
          1,
          1,
          1,
          null,
          1,
          1,
          null,
          1,
          69,
          null,
          null,
          1,
          5,
          null,
          null,
          1,
          3,
          3,
          9,
          null,
          3,
          null,
          null,
          1,
          7,
          13,
          1,
          12,
          1,
          11,
          1,
          10,
          1,
          null,
          null,
          null,
          null,
          null,
          null
        ]
      }
    },
    "timestamp": 1607852916
  }
}
